[2024-01-09 23:22:03,873,INFO,common,yaml file config/config.yaml loaded successfully]
[2024-01-09 23:22:03,875,INFO,common,yaml file params.yaml loaded successfully]
[2024-01-09 23:22:03,882,INFO,common,created directory at: artifacts]
[2024-01-09 23:25:58,761,INFO,common,yaml file config/config.yaml loaded successfully]
[2024-01-09 23:25:58,762,INFO,common,yaml file params.yaml loaded successfully]
[2024-01-09 23:25:58,762,INFO,common,created directory at: artifacts]
[2024-01-09 23:25:58,762,INFO,common,created directory at: artifacts/data_ingestion]
[2024-01-09 23:25:59,576,INFO,2427399911,artifacts/data_ingestion/data.zip download! with the following info: 
Server: GitHub.com
Date: Wed, 10 Jan 2024 06:25:59 GMT
Content-Type: text/html; charset=utf-8
Vary: X-PJAX, X-PJAX-Container, Turbo-Visit, Turbo-Frame, Accept-Encoding, Accept, X-Requested-With
ETag: W/"7317a0665a9e224406707358fa5eb3dc"
Cache-Control: max-age=0, private, must-revalidate
Strict-Transport-Security: max-age=31536000; includeSubdomains; preload
X-Frame-Options: deny
X-Content-Type-Options: nosniff
X-XSS-Protection: 0
Referrer-Policy: no-referrer-when-downgrade
Content-Security-Policy: default-src 'none'; base-uri 'self'; child-src github.com/assets-cdn/worker/ gist.github.com/assets-cdn/worker/; connect-src 'self' uploads.github.com www.githubstatus.com collector.github.com raw.githubusercontent.com api.github.com github-cloud.s3.amazonaws.com github-production-repository-file-5c1aeb.s3.amazonaws.com github-production-upload-manifest-file-7fdce7.s3.amazonaws.com github-production-user-asset-6210df.s3.amazonaws.com cdn.optimizely.com logx.optimizely.com/v1/events api.githubcopilot.com objects-origin.githubusercontent.com *.actions.githubusercontent.com wss://*.actions.githubusercontent.com productionresultssa0.blob.core.windows.net/ productionresultssa1.blob.core.windows.net/ productionresultssa2.blob.core.windows.net/ productionresultssa3.blob.core.windows.net/ productionresultssa4.blob.core.windows.net/ productionresultssa5.blob.core.windows.net/ productionresultssa6.blob.core.windows.net/ productionresultssa7.blob.core.windows.net/ productionresultssa8.blob.core.windows.net/ productionresultssa9.blob.core.windows.net/ github-production-repository-image-32fea6.s3.amazonaws.com github-production-release-asset-2e65be.s3.amazonaws.com insights.github.com wss://alive.github.com; font-src github.githubassets.com; form-action 'self' github.com gist.github.com objects-origin.githubusercontent.com; frame-ancestors 'none'; frame-src viewscreen.githubusercontent.com notebooks.githubusercontent.com support.github.com; img-src 'self' data: github.githubassets.com media.githubusercontent.com camo.githubusercontent.com identicons.github.com avatars.githubusercontent.com github-cloud.s3.amazonaws.com objects.githubusercontent.com secured-user-images.githubusercontent.com/ user-images.githubusercontent.com/ private-user-images.githubusercontent.com opengraph.githubassets.com github-production-user-asset-6210df.s3.amazonaws.com customer-stories-feed.github.com spotlights-feed.github.com objects-origin.githubusercontent.com *.githubusercontent.com; manifest-src 'self'; media-src github.com user-images.githubusercontent.com/ secured-user-images.githubusercontent.com/ private-user-images.githubusercontent.com github-production-user-asset-6210df.s3.amazonaws.com gist.github.com; script-src github.githubassets.com; style-src 'unsafe-inline' github.githubassets.com; upgrade-insecure-requests; worker-src github.com/assets-cdn/worker/ gist.github.com/assets-cdn/worker/
Set-Cookie: _gh_sess=5OCk2FhHC4UcsymHfhxgvgpgwnuEhrPA70MUsSoG8QhYHqRW7U%2FX5MrLDFWKueI7%2F7gvRagcwzZY2aEBF2I8pDolFj%2Fw6PU6JAzlVb9O%2FruAfxbEcY5KDIp1ByOnIFNhRvrSAX9upEm9Xyfu6T69VQM9LCUIgSQXjlWxBOhemNi1GgLu9a2qK0dfvGPDJoVcumpxT2Vk9vx5zGmr8ueSMv8QXtaEQrDVssXQbBVW1%2FPebaLPejfnoCLfHleQIATeq1OoBIfmECb0Py%2B13DqLEQ%3D%3D--HpsSWCorDWLWDdx%2F--AdF6Ba31xCvasGmbleEJgg%3D%3D; Path=/; HttpOnly; Secure; SameSite=Lax
Set-Cookie: _octo=GH1.1.1032195578.1704867959; Path=/; Domain=github.com; Expires=Fri, 10 Jan 2025 06:25:59 GMT; Secure; SameSite=Lax
Set-Cookie: logged_in=no; Path=/; Domain=github.com; Expires=Fri, 10 Jan 2025 06:25:59 GMT; HttpOnly; Secure; SameSite=Lax
Accept-Ranges: bytes
Transfer-Encoding: chunked
X-GitHub-Request-Id: D7BC:4932:38B599:517D41:659E3877
connection: close

]
